<html>
<head>
<title>TestNG:  Firefox Test</title>
<link href="../testng.css" rel="stylesheet" type="text/css" />
<link href="../my-testng.css" rel="stylesheet" type="text/css" />

<style type="text/css">
.log { display: none;} 
.stack-trace { display: none;} 
</style>
<script type="text/javascript">
<!--
function flip(e) {
  current = e.style.display;
  if (current == 'block') {
    e.style.display = 'none';
    return 0;
  }
  else {
    e.style.display = 'block';
    return 1;
  }
}

function toggleBox(szDivId, elem, msg1, msg2)
{
  var res = -1;  if (document.getElementById) {
    res = flip(document.getElementById(szDivId));
  }
  else if (document.all) {
    // this is the way old msie versions work
    res = flip(document.all[szDivId]);
  }
  if(elem) {
    if(res == 0) elem.innerHTML = msg1; else elem.innerHTML = msg2;
  }

}

function toggleAllBoxes() {
  if (document.getElementsByTagName) {
    d = document.getElementsByTagName('div');
    for (i = 0; i < d.length; i++) {
      if (d[i].className == 'log') {
        flip(d[i]);
      }
    }
  }
}

// -->
</script>

</head>
<body>
<h2 align='center'>Firefox Test</h2><table border='1' align="center">
<tr>
<td>Tests passed/Failed/Skipped:</td><td>0/0/3</td>
</tr><tr>
<td>Started on:</td><td>Thu Jun 19 16:26:07 IST 2025</td>
</tr>
<tr><td>Total time:</td><td>49 seconds (49418 ms)</td>
</tr><tr>
<td>Included groups:</td><td></td>
</tr><tr>
<td>Excluded groups:</td><td></td>
</tr>
</table><p/>
<small><i>(Hover the method name to see the test class name)</i></small><p/>
<table width='100%' border='1' class='invocation-skipped'>
<tr><td colspan='4' align='center'><b>SKIPPED TESTS</b></td></tr>
<tr><td><b>Test method</b></td>
<td><b>Attribute(s)</b></td>
<td width="30%"><b>Exception</b></td>
<td width="10%"><b>Time (seconds)</b></td>
<td><b>Instance</b></td>
</tr>
<tr>
<td title='stepRunner.RunnerC.runScenario()'><b>runScenario</b><br>Test class: stepRunner.RunnerC<br>Test method: Runs Cucumber Scenarios<br>Parameters: "Validate the search box of app", "Verify the search functionality"</td>
<td><div><pre>java.lang.RuntimeException: Browser not set. Use setBrowser() before initDriver().
	at org.DriverManager.DriverSetUp.initDriver(DriverSetUp.java:22)
	at hooks.Hooks.setUp(Hooks.java:17)
</pre></div><a href='#' onClick='toggleBox("stack-trace751442718", this, "Click to show all stack frames", "Click to hide stack frames")'>Click to show all stack frames</a>
<div class='stack-trace' id='stack-trace751442718'><pre>java.lang.RuntimeException: Browser not set. Use setBrowser() before initDriver().
	at org.DriverManager.DriverSetUp.initDriver(DriverSetUp.java:22)
	at hooks.Hooks.setUp(Hooks.java:17)
</pre></div></td>
<td>0</td>
<td>stepRunner.RunnerC@542e560f</td></tr>
<tr>
<td title='stepRunner.RunnerC.runScenario()'><b>runScenario</b><br>Test class: stepRunner.RunnerC<br>Test method: Runs Cucumber Scenarios<br>Parameters: "Validate the search box of app", "Verify the search functionality"</td>
<td><div><pre>java.lang.RuntimeException: Browser not set. Use setBrowser() before initDriver().
	at org.DriverManager.DriverSetUp.initDriver(DriverSetUp.java:22)
	at hooks.Hooks.setUp(Hooks.java:17)
</pre></div><a href='#' onClick='toggleBox("stack-trace1054560079", this, "Click to show all stack frames", "Click to hide stack frames")'>Click to show all stack frames</a>
<div class='stack-trace' id='stack-trace1054560079'><pre>java.lang.RuntimeException: Browser not set. Use setBrowser() before initDriver().
	at org.DriverManager.DriverSetUp.initDriver(DriverSetUp.java:22)
	at hooks.Hooks.setUp(Hooks.java:17)
</pre></div></td>
<td>0</td>
<td>stepRunner.RunnerC@542e560f</td></tr>
<tr>
<td title='stepRunner.RunnerC.runScenario()'><b>runScenario</b><br>Test class: stepRunner.RunnerC<br>Test method: Runs Cucumber Scenarios<br>Parameters: "Validate the search box of app", "Verify the search functionality"</td>
<td><div><pre>java.lang.AssertionError: expected [mobi] but found [mobile]
	at stepDefinitions.SearchStepDef.user_should_get_all_result(SearchStepDef.java:32)
	at ?.User should get all result(file:///E:/JD/CuBDD/src/test/resources/features/searchProduct.feature:6)
... Removed 6 stack frames</pre></div><a href='#' onClick='toggleBox("stack-trace1317893995", this, "Click to show all stack frames", "Click to hide stack frames")'>Click to show all stack frames</a>
<div class='stack-trace' id='stack-trace1317893995'><pre>java.lang.AssertionError: expected [mobi] but found [mobile]
	at org.testng.Assert.fail(Assert.java:111)
	at org.testng.Assert.failNotEquals(Assert.java:1590)
	at org.testng.Assert.assertEqualsImpl(Assert.java:150)
	at org.testng.Assert.assertEquals(Assert.java:132)
	at org.testng.Assert.assertEquals(Assert.java:656)
	at org.testng.Assert.assertEquals(Assert.java:666)
	at stepDefinitions.SearchStepDef.user_should_get_all_result(SearchStepDef.java:32)
	at ?.User should get all result(file:///E:/JD/CuBDD/src/test/resources/features/searchProduct.feature:6)
</pre></div></td>
<td>48</td>
<td>stepRunner.RunnerC@542e560f</td></tr>
</table><p>
</body>
</html>